<?xml version="1.0" encoding="UTF-8"?>
<!-- Generated by org.testng.reporters.JUnitReportReporter -->
<testsuite hostname="DESKTOP-2IFRLGS" failures="0" tests="1" name="testCases.TC001_AccountRegistrationTest" time="7.669" errors="0" timestamp="2025-07-07T07:28:17 IST" skipped="0">
  <testcase classname="testCases.TC001_AccountRegistrationTest" name="verifyAccountRegistration" time="7.669"/>
</testsuite> <!-- testCases.TC001_AccountRegistrationTest -->
