<?xml version="1.0" encoding="UTF-8"?>
<!-- Generated by org.testng.reporters.JUnitReportReporter -->
<testsuite hostname="DESKTOP-2IFRLGS" failures="0" tests="1" name="testCases.TC006_AddToCartPageTest" time="10.934" errors="0" timestamp="2025-07-20T20:37:58 IST" skipped="0">
  <testcase classname="testCases.TC006_AddToCartPageTest" name="verifyAddToCartPage" time="10.934"/>
</testsuite> <!-- testCases.TC006_AddToCartPageTest -->
