<?xml version="1.0" encoding="UTF-8"?>
<!-- Generated by org.testng.reporters.JUnitReportReporter -->
<testsuite hostname="DESKTOP-2IFRLGS" failures="0" tests="1" name="testCases.TC002_LoginPageTest" time="5.103" errors="0" timestamp="2025-07-07T07:28:17 IST" skipped="0">
  <testcase classname="testCases.TC002_LoginPageTest" name="verifyLoginPage" time="5.103"/>
</testsuite> <!-- testCases.TC002_LoginPageTest -->
