<?xml version="1.0" encoding="UTF-8"?>
<!-- Generated by org.testng.reporters.JUnitReportReporter -->
<testsuite hostname="DESKTOP-2IFRLGS" failures="0" tests="1" name="testCases.TC005_AddToCartPageTest" time="15.508" errors="0" timestamp="2025-07-17T07:25:30 IST" skipped="0">
  <testcase classname="testCases.TC005_AddToCartPageTest" name="verifyAddToCart" time="15.508"/>
</testsuite> <!-- testCases.TC005_AddToCartPageTest -->
