<?xml version="1.0" encoding="UTF-8"?>
<!-- Generated by org.testng.reporters.JUnitReportReporter -->
<testsuite hostname="DESKTOP-2IFRLGS" failures="0" tests="1" name="testCases.TC004_SearchProductTest" time="12.712" errors="0" timestamp="2025-07-09T07:16:13 IST" skipped="0">
  <testcase classname="testCases.TC004_SearchProductTest" name="verify_productSearch" time="12.712"/>
</testsuite> <!-- testCases.TC004_SearchProductTest -->
