<?xml version="1.0" encoding="UTF-8"?>
<!-- Generated by org.testng.reporters.JUnitReportReporter -->
<testsuite hostname="DESKTOP-2IFRLGS" failures="0" tests="1" name="testCases.TC005_SearchedProductPageTest" time="33.371" errors="0" timestamp="2025-07-17T08:10:10 IST" skipped="0">
  <testcase classname="testCases.TC005_SearchedProductPageTest" name="verifyAddToCart" time="33.371"/>
</testsuite> <!-- testCases.TC005_SearchedProductPageTest -->
