<?xml version="1.0" encoding="UTF-8"?>
<!-- Generated by org.testng.reporters.JUnitReportReporter -->
<testsuite hostname="DESKTOP-2IFRLGS" failures="0" tests="1" name="testCases.TC002_LoginPageTest" time="4.969" errors="0" timestamp="2025-07-20T20:54:17 IST" skipped="0">
  <testcase classname="testCases.TC002_LoginPageTest" name="verifyLoginPage" time="4.969"/>
</testsuite> <!-- testCases.TC002_LoginPageTest -->
