<?xml version="1.0" encoding="UTF-8"?>
<!-- Generated by org.testng.reporters.JUnitReportReporter -->
<testsuite hostname="DESKTOP-2IFRLGS" failures="0" tests="1" name="testCases.TC002_LoginPageTest" time="1.459" errors="0" timestamp="2025-07-08T05:41:54 IST" skipped="0">
  <testcase classname="testCases.TC002_LoginPageTest" name="verifyLoginPage" time="1.459"/>
</testsuite> <!-- testCases.TC002_LoginPageTest -->
