<?xml version="1.0" encoding="UTF-8"?>
<!-- Generated by org.testng.reporters.JUnitReportReporter -->
<testsuite hostname="DESKTOP-2IFRLGS" failures="0" tests="1" name="testCases.TC001_AccountRegistrationTest" time="2.526" errors="0" timestamp="2025-07-08T05:41:54 IST" skipped="0">
  <testcase classname="testCases.TC001_AccountRegistrationTest" name="verifyAccountRegistration" time="2.526"/>
</testsuite> <!-- testCases.TC001_AccountRegistrationTest -->
